[INFO] Scanning for projects...
[INFO] ------------------------------------------------------------------------
[INFO] Reactor Build Order:
[INFO] 
[INFO] JBoss Application Server: Build Configuration
[INFO] JBoss Application Server: Parent Aggregator
[INFO] JBoss Application Server: Protocol Utilities
[INFO] JBoss Application Server: Controller Client
[INFO] JBoss Application Server: Command line interface
[INFO] JBoss Application Server: Clustering Subsystem
[INFO] JBoss Application Server: Clustering Server API
[INFO] JBoss Application Server: Common code for clustering subsystems
[INFO] JBoss Application Server: Network
[INFO] JBoss Application Server: Controller Core
[INFO] JBoss Application Server: Threading Subsystem
[INFO] JBoss Application Server: JGroups Subsystem
[INFO] JBoss Application Server: Clustering Server API implementation
[INFO] JBoss Application Server: Domain Management
[INFO] JBoss Application Server: Domain HTTP API
[INFO] JBoss Application Server: Deployment Repository
[INFO] JBoss Application Server: Embedded
[INFO] JBoss Application Server: Process Controller
[INFO] JBoss Application Server: Remoting Subsystem
[INFO] JBoss Application Server: Server
[INFO] JBoss Application Server: Naming Subsystem
[INFO] JBoss Application Server: EE
[INFO] JBoss Application Server: Infinispan Subsystem
[INFO] JBoss Application Server: Distributed Web Session SPI
[INFO] JBoss Application Server: Distributed Web Session Infinispan provider
[INFO] JBoss Application Server: Transaction Subsystem
[INFO] JBoss Application Server: Security Subsystem
[INFO] JBoss Application Server: Connector Subsystem
[INFO] JBoss Application Server: Deployment Scanner
[INFO] JBoss Application Server: Domain Controller
[INFO] JBoss Application Server: EJB Subsystem
[INFO] JBoss Application Server: Web Subsystem
[INFO] JBoss Application Server: JPA Subsystem
[INFO] JBoss Application Server: Weld Integration
[INFO] JBoss Application Server: JAX-RS Integration
[INFO] JBoss Application Server: JMX Subsystem
[INFO] JBoss Application Server: Host Controller
[INFO] JBoss Application Server: JacORB Subsystem
[INFO] JBoss Application Server: Logging Subsystem
[INFO] JBoss Application Server: Messaging Subsystem
[INFO] JBoss Application Server: ModCluster Subsystem
[INFO] JBoss Application Server: OSGi
[INFO] JBoss Application Server: OSGi Subsystem
[INFO] JBoss Application Server: OSGi Config Admin
[INFO] JBoss Application Server: Service Archive Subsystem
[INFO] JBoss Application Server: Web Services Subsystem
[INFO] JBoss Application Server: Web Services Server Integration Subsystem
[INFO] JBoss Application Server: Build
[INFO] JBoss Application Server: Arquillian
[INFO] JBoss Application Server: Arquillian TestEnricher MSC
[INFO] JBoss Application Server: Arquillian Common
[INFO] JBoss Application Server: Arquillian Protocol JMX
[INFO] JBoss Application Server: Arquillian Managed Container
[INFO] JBoss Application Server: Arquillian Managed Domain Container
[INFO] JBoss Application Server: Arquillian Managed Container for clustering
[INFO] JBoss Application Server: Demos: Aggregator
[INFO] JBoss Application Server: Demos: AS7 API
[INFO] JBoss Application Server: Demos: Spec
[INFO] JBoss Application Server: Demos: AS7 Internals
[INFO] JBoss Application Server: Demos: Legacy TO BE MOVED
[INFO] JBoss Application Server: Distribution
[INFO] JBoss Application Server: Microcontainer Subsystem
[INFO] JBoss Application Server: OSGi Integration Plugin
[INFO] JBoss Application Server: Web Services Tests Integration Subsystem
[INFO] JBoss Application Server Test Suite: Aggregator
[INFO] JBoss Application Server Test Suite: Smoke Tests
[INFO]                                                                         
[INFO] ------------------------------------------------------------------------
[INFO] Building JBoss Application Server: Build Configuration 7.0.0.Beta4-SNAPSHOT
[INFO] ------------------------------------------------------------------------
[INFO] 
[INFO] --- maven-enforcer-plugin:1.0-beta-1:enforce (enforce-java-version) @ jboss-as-build-config ---
[INFO] 
[INFO] --- maven-enforcer-plugin:1.0-beta-1:enforce (enforce-maven-version) @ jboss-as-build-config ---
[INFO] 
[INFO] --- maven-resources-plugin:2.5:resources (default-resources) @ jboss-as-build-config ---
[debug] execute contextualize
[INFO] Using 'UTF-8' encoding to copy filtered resources.
[INFO] Copying 1 resource
[INFO] 
[INFO] --- maven-compiler-plugin:2.3.1:compile (default-compile) @ jboss-as-build-config ---
[INFO] No sources to compile
[INFO] 
[INFO] --- maven-resources-plugin:2.5:testResources (default-testResources) @ jboss-as-build-config ---
[debug] execute contextualize
[INFO] Using 'UTF-8' encoding to copy filtered resources.
[INFO] skip non existing resourceDirectory /home/david/src/java/as7/jboss-as/build-config/src/test/resources
[INFO] 
[INFO] --- maven-compiler-plugin:2.3.1:testCompile (default-testCompile) @ jboss-as-build-config ---
[INFO] No sources to compile
[INFO] 
[INFO] --- maven-surefire-plugin:2.5:test (default-test) @ jboss-as-build-config ---
[INFO] No tests to run.
[INFO] 
[INFO] --- maven-jar-plugin:2.3.1:jar (default-jar) @ jboss-as-build-config ---
[INFO] 
[INFO] --- maven-source-plugin:2.1.2:jar-no-fork (attach-sources) @ jboss-as-build-config ---
[INFO] 
[INFO] --- maven-install-plugin:2.3.1:install (default-install) @ jboss-as-build-config ---
[INFO] Installing /home/david/src/java/as7/jboss-as/build-config/target/jboss-as-build-config-7.0.0.Beta4-SNAPSHOT.jar to /home/david/.m2/repository/org/jboss/as/jboss-as-build-config/7.0.0.Beta4-SNAPSHOT/jboss-as-build-config-7.0.0.Beta4-SNAPSHOT.jar
[INFO] Installing /home/david/src/java/as7/jboss-as/build-config/pom.xml to /home/david/.m2/repository/org/jboss/as/jboss-as-build-config/7.0.0.Beta4-SNAPSHOT/jboss-as-build-config-7.0.0.Beta4-SNAPSHOT.pom
[INFO] Installing /home/david/src/java/as7/jboss-as/build-config/target/jboss-as-build-config-7.0.0.Beta4-SNAPSHOT-sources.jar to /home/david/.m2/repository/org/jboss/as/jboss-as-build-config/7.0.0.Beta4-SNAPSHOT/jboss-as-build-config-7.0.0.Beta4-SNAPSHOT-sources.jar
[INFO]                                                                         
[INFO] ------------------------------------------------------------------------
[INFO] Building JBoss Application Server: Parent Aggregator 7.0.0.Beta4-SNAPSHOT
[INFO] ------------------------------------------------------------------------
[INFO] 
[INFO] --- maven-enforcer-plugin:1.0-beta-1:enforce (ban-bad-dependencies) @ jboss-as-parent ---
[INFO] 
[INFO] --- maven-enforcer-plugin:1.0-beta-1:enforce (enforce-java-version) @ jboss-as-parent ---
[INFO] 
[INFO] --- maven-enforcer-plugin:1.0-beta-1:enforce (enforce-maven-version) @ jboss-as-parent ---
[INFO] 
[INFO] --- buildnumber-maven-plugin:1.0:create (default) @ jboss-as-parent ---
[INFO] Checking for local modifications: skipped.
[INFO] Updating project files from SCM: skipped.
[INFO] Executing: /bin/sh -c cd /home/david/src/java/as7/jboss-as && git show
[INFO] Working directory: /home/david/src/java/as7/jboss-as
[INFO] Storing buildNumber: eada41232dfe1f1cffd844410b936294226145ee at timestamp: 1308782312307
[INFO] Executing: /bin/sh -c cd /home/david/src/java/as7/jboss-as && git show
[INFO] Working directory: /home/david/src/java/as7/jboss-as
[INFO] Storing buildScmBranch: UNKNOWN
[INFO] 
[INFO] --- maven-checkstyle-plugin:2.5:checkstyle (check-style) @ jboss-as-parent ---
[INFO] Source directory does not exist - skipping report.
[INFO] 
[INFO] --- maven-source-plugin:2.1.2:jar-no-fork (attach-sources) @ jboss-as-parent ---
[INFO] 
[INFO] --- maven-install-plugin:2.3.1:install (default-install) @ jboss-as-parent ---
[INFO] Installing /home/david/src/java/as7/jboss-as/pom.xml to /home/david/.m2/repository/org/jboss/as/jboss-as-parent/7.0.0.Beta4-SNAPSHOT/jboss-as-parent-7.0.0.Beta4-SNAPSHOT.pom
[INFO]                                                                         
[INFO] ------------------------------------------------------------------------
[INFO] Building JBoss Application Server: Protocol Utilities 7.0.0.Beta4-SNAPSHOT
[INFO] ------------------------------------------------------------------------
[INFO] 
[INFO] --- maven-enforcer-plugin:1.0-beta-1:enforce (ban-bad-dependencies) @ jboss-as-protocol ---
[INFO] 
[INFO] --- maven-enforcer-plugin:1.0-beta-1:enforce (enforce-java-version) @ jboss-as-protocol ---
[INFO] 
[INFO] --- maven-enforcer-plugin:1.0-beta-1:enforce (enforce-maven-version) @ jboss-as-protocol ---
[INFO] 
[INFO] --- buildnumber-maven-plugin:1.0:create (default) @ jboss-as-protocol ---
[INFO] Checking for local modifications: skipped.
[INFO] Updating project files from SCM: skipped.
[INFO] Executing: /bin/sh -c cd /home/david/src/java/as7/jboss-as/protocol && git show
[INFO] Working directory: /home/david/src/java/as7/jboss-as/protocol
[INFO] Storing buildNumber: eada41232dfe1f1cffd844410b936294226145ee at timestamp: 1308782313595
[INFO] Executing: /bin/sh -c cd /home/david/src/java/as7/jboss-as/protocol && git show
[INFO] Working directory: /home/david/src/java/as7/jboss-as/protocol
[INFO] Storing buildScmBranch: UNKNOWN
[INFO] 
[INFO] --- maven-resources-plugin:2.5:resources (default-resources) @ jboss-as-protocol ---
[debug] execute contextualize
[INFO] Using 'UTF-8' encoding to copy filtered resources.
[INFO] skip non existing resourceDirectory /home/david/src/java/as7/jboss-as/protocol/src/main/resources
[INFO] 
[INFO] --- maven-compiler-plugin:2.3.1:compile (default-compile) @ jboss-as-protocol ---
[INFO] Nothing to compile - all classes are up to date
[INFO] 
[INFO] --- maven-checkstyle-plugin:2.5:checkstyle (check-style) @ jboss-as-protocol ---
[INFO] Starting audit...
Audit done.

[WARNING] Unable to locate Source XRef to link to - DISABLED
[INFO] 
[INFO] --- maven-resources-plugin:2.5:testResources (default-testResources) @ jboss-as-protocol ---
[debug] execute contextualize
[INFO] Using 'UTF-8' encoding to copy filtered resources.
[INFO] skip non existing resourceDirectory /home/david/src/java/as7/jboss-as/protocol/src/test/resources
[INFO] 
[INFO] --- maven-compiler-plugin:2.3.1:testCompile (default-testCompile) @ jboss-as-protocol ---
[INFO] Nothing to compile - all classes are up to date
[INFO] 
[INFO] --- maven-surefire-plugin:2.8.1:test (default-test) @ jboss-as-protocol ---
[INFO] Surefire report directory: /home/david/src/java/as7/jboss-as/protocol/target/surefire-reports

-------------------------------------------------------
 T E S T S
-------------------------------------------------------
Running org.jboss.as.protocol.old.PipeTest
Buffer size: 31; piece size: 31; piece count 4228
Buffer size: 31; piece size: 64; piece count 2048
Buffer size: 31; piece size: 127; piece count 1032
Buffer size: 256; piece size: 31; piece count 4228
Buffer size: 256; piece size: 64; piece count 2048
Buffer size: 256; piece size: 127; piece count 1032
Buffer size: 8192; piece size: 31; piece count 4228
Buffer size: 8192; piece size: 64; piece count 2048
Buffer size: 8192; piece size: 127; piece count 1032
Tests run: 2, Failures: 0, Errors: 0, Skipped: 0, Time elapsed: 0.93 sec
Running org.jboss.as.protocol.old.ChunkyByteInputOutputTest
Tests run: 5, Failures: 0, Errors: 0, Skipped: 0, Time elapsed: 0.021 sec
Running org.jboss.as.protocol.mgmt.RemoteChannelManagementTestCase
Jun 22, 2011 5:38:36 PM org.jboss.remoting3.EndpointImpl <clinit>
INFO: JBoss Remoting version 3.2.0.Beta1
Jun 22, 2011 5:38:37 PM org.xnio.Xnio <clinit>
INFO: XNIO Version 3.0.0.Beta2
Jun 22, 2011 5:38:37 PM org.xnio.nio.NioXnio <clinit>
INFO: XNIO NIO Implementation Version 3.0.0.Beta2
/127.0.0.1:32123
Jun 22, 2011 5:38:37 PM org.jboss.remoting3.remote.RemoteConnection handleException
ERROR: JBREM00200: Remote connection failed: javax.security.sasl.SaslException: No more authentication mechanisms to try
/127.0.0.1:32123
Jun 22, 2011 5:38:37 PM org.jboss.remoting3.remote.RemoteConnection handleException
ERROR: JBREM00200: Remote connection failed: javax.security.sasl.SaslException: No more authentication mechanisms to try
/127.0.0.1:32123
Jun 22, 2011 5:38:37 PM org.jboss.remoting3.remote.RemoteConnection handleException
ERROR: JBREM00200: Remote connection failed: javax.security.sasl.SaslException: No more authentication mechanisms to try
/127.0.0.1:32123
Jun 22, 2011 5:38:37 PM org.jboss.remoting3.remote.RemoteConnection handleException
ERROR: JBREM00200: Remote connection failed: javax.security.sasl.SaslException: No more authentication mechanisms to try
/127.0.0.1:32123
Jun 22, 2011 5:38:37 PM org.jboss.remoting3.remote.RemoteConnection handleException
ERROR: JBREM00200: Remote connection failed: javax.security.sasl.SaslException: No more authentication mechanisms to try
/127.0.0.1:32123
Jun 22, 2011 5:38:37 PM org.jboss.remoting3.remote.RemoteConnection handleException
ERROR: JBREM00200: Remote connection failed: javax.security.sasl.SaslException: No more authentication mechanisms to try
/127.0.0.1:32123
Jun 22, 2011 5:38:37 PM org.jboss.remoting3.remote.RemoteConnection handleException
ERROR: JBREM00200: Remote connection failed: javax.security.sasl.SaslException: No more authentication mechanisms to try
/127.0.0.1:32123
Jun 22, 2011 5:38:37 PM org.jboss.remoting3.remote.RemoteConnection handleException
ERROR: JBREM00200: Remote connection failed: javax.security.sasl.SaslException: No more authentication mechanisms to try
/127.0.0.1:32123
Jun 22, 2011 5:38:37 PM org.jboss.remoting3.remote.RemoteConnection handleException
ERROR: JBREM00200: Remote connection failed: javax.security.sasl.SaslException: No more authentication mechanisms to try
Tests run: 9, Failures: 0, Errors: 9, Skipped: 0, Time elapsed: 0.382 sec <<< FAILURE!

Results :

Tests in error: 
  testSimpleRequest(org.jboss.as.protocol.mgmt.RemoteChannelManagementTestCase): No more authentication mechanisms to try
  testTwoSimpleRequests(org.jboss.as.protocol.mgmt.RemoteChannelManagementTestCase): No more authentication mechanisms to try
  testSeveralConcurrentSimpleRequests(org.jboss.as.protocol.mgmt.RemoteChannelManagementTestCase): No more authentication mechanisms to try
  testMissingOperationHandler(org.jboss.as.protocol.mgmt.RemoteChannelManagementTestCase): No more authentication mechanisms to try
  testMissingRequestHandler(org.jboss.as.protocol.mgmt.RemoteChannelManagementTestCase): No more authentication mechanisms to try
  testExceptionInRequestHandlerRead(org.jboss.as.protocol.mgmt.RemoteChannelManagementTestCase): No more authentication mechanisms to try
  testExceptionInRequestHandlerWrite(org.jboss.as.protocol.mgmt.RemoteChannelManagementTestCase): No more authentication mechanisms to try
  testExceptionInRequestWrite(org.jboss.as.protocol.mgmt.RemoteChannelManagementTestCase): No more authentication mechanisms to try
  testExceptionInChannelStrategy(org.jboss.as.protocol.mgmt.RemoteChannelManagementTestCase): No more authentication mechanisms to try

Tests run: 16, Failures: 0, Errors: 9, Skipped: 0

[INFO] ------------------------------------------------------------------------
[INFO] Reactor Summary:
[INFO] 
[INFO] JBoss Application Server: Build Configuration ..... SUCCESS [1.444s]
[INFO] JBoss Application Server: Parent Aggregator ....... SUCCESS [1.368s]
[INFO] JBoss Application Server: Protocol Utilities ...... FAILURE [4.340s]
[INFO] JBoss Application Server: Controller Client ....... SKIPPED
[INFO] JBoss Application Server: Command line interface .. SKIPPED
[INFO] JBoss Application Server: Clustering Subsystem .... SKIPPED
[INFO] JBoss Application Server: Clustering Server API ... SKIPPED
[INFO] JBoss Application Server: Common code for clustering subsystems  SKIPPED
[INFO] JBoss Application Server: Network ................. SKIPPED
[INFO] JBoss Application Server: Controller Core ......... SKIPPED
[INFO] JBoss Application Server: Threading Subsystem ..... SKIPPED
[INFO] JBoss Application Server: JGroups Subsystem ....... SKIPPED
[INFO] JBoss Application Server: Clustering Server API implementation  SKIPPED
[INFO] JBoss Application Server: Domain Management ....... SKIPPED
[INFO] JBoss Application Server: Domain HTTP API ......... SKIPPED
[INFO] JBoss Application Server: Deployment Repository ... SKIPPED
[INFO] JBoss Application Server: Embedded ................ SKIPPED
[INFO] JBoss Application Server: Process Controller ...... SKIPPED
[INFO] JBoss Application Server: Remoting Subsystem ...... SKIPPED
[INFO] JBoss Application Server: Server .................. SKIPPED
[INFO] JBoss Application Server: Naming Subsystem ........ SKIPPED
[INFO] JBoss Application Server: EE ...................... SKIPPED
[INFO] JBoss Application Server: Infinispan Subsystem .... SKIPPED
[INFO] JBoss Application Server: Distributed Web Session SPI  SKIPPED
[INFO] JBoss Application Server: Distributed Web Session Infinispan provider  SKIPPED
[INFO] JBoss Application Server: Transaction Subsystem ... SKIPPED
[INFO] JBoss Application Server: Security Subsystem ...... SKIPPED
[INFO] JBoss Application Server: Connector Subsystem ..... SKIPPED
[INFO] JBoss Application Server: Deployment Scanner ...... SKIPPED
[INFO] JBoss Application Server: Domain Controller ....... SKIPPED
[INFO] JBoss Application Server: EJB Subsystem ........... SKIPPED
[INFO] JBoss Application Server: Web Subsystem ........... SKIPPED
[INFO] JBoss Application Server: JPA Subsystem ........... SKIPPED
[INFO] JBoss Application Server: Weld Integration ........ SKIPPED
[INFO] JBoss Application Server: JAX-RS Integration ...... SKIPPED
[INFO] JBoss Application Server: JMX Subsystem ........... SKIPPED
[INFO] JBoss Application Server: Host Controller ......... SKIPPED
[INFO] JBoss Application Server: JacORB Subsystem ........ SKIPPED
[INFO] JBoss Application Server: Logging Subsystem ....... SKIPPED
[INFO] JBoss Application Server: Messaging Subsystem ..... SKIPPED
[INFO] JBoss Application Server: ModCluster Subsystem .... SKIPPED
[INFO] JBoss Application Server: OSGi .................... SKIPPED
[INFO] JBoss Application Server: OSGi Subsystem .......... SKIPPED
[INFO] JBoss Application Server: OSGi Config Admin ....... SKIPPED
[INFO] JBoss Application Server: Service Archive Subsystem  SKIPPED
[INFO] JBoss Application Server: Web Services Subsystem .. SKIPPED
[INFO] JBoss Application Server: Web Services Server Integration Subsystem  SKIPPED
[INFO] JBoss Application Server: Build ................... SKIPPED
[INFO] JBoss Application Server: Arquillian .............. SKIPPED
[INFO] JBoss Application Server: Arquillian TestEnricher MSC  SKIPPED
[INFO] JBoss Application Server: Arquillian Common ....... SKIPPED
[INFO] JBoss Application Server: Arquillian Protocol JMX . SKIPPED
[INFO] JBoss Application Server: Arquillian Managed Container  SKIPPED
[INFO] JBoss Application Server: Arquillian Managed Domain Container  SKIPPED
[INFO] JBoss Application Server: Arquillian Managed Container for clustering  SKIPPED
[INFO] JBoss Application Server: Demos: Aggregator ....... SKIPPED
[INFO] JBoss Application Server: Demos: AS7 API .......... SKIPPED
[INFO] JBoss Application Server: Demos: Spec ............. SKIPPED
[INFO] JBoss Application Server: Demos: AS7 Internals .... SKIPPED
[INFO] JBoss Application Server: Demos: Legacy TO BE MOVED  SKIPPED
[INFO] JBoss Application Server: Distribution ............ SKIPPED
[INFO] JBoss Application Server: Microcontainer Subsystem  SKIPPED
[INFO] JBoss Application Server: OSGi Integration Plugin . SKIPPED
[INFO] JBoss Application Server: Web Services Tests Integration Subsystem  SKIPPED
[INFO] JBoss Application Server Test Suite: Aggregator ... SKIPPED
[INFO] JBoss Application Server Test Suite: Smoke Tests .. SKIPPED
[INFO] ------------------------------------------------------------------------
[INFO] BUILD FAILURE
[INFO] ------------------------------------------------------------------------
[INFO] Total time: 12.018s
[INFO] Finished at: Wed Jun 22 17:38:37 CDT 2011
[INFO] Final Memory: 61M/341M
[INFO] ------------------------------------------------------------------------
[ERROR] Failed to execute goal org.apache.maven.plugins:maven-surefire-plugin:2.8.1:test (default-test) on project jboss-as-protocol: There are test failures.
[ERROR] 
[ERROR] Please refer to /home/david/src/java/as7/jboss-as/protocol/target/surefire-reports for the individual test results.
[ERROR] -> [Help 1]
[ERROR] 
[ERROR] To see the full stack trace of the errors, re-run Maven with the -e switch.
[ERROR] Re-run Maven using the -X switch to enable full debug logging.
[ERROR] 
[ERROR] For more information about the errors and possible solutions, please read the following articles:
[ERROR] [Help 1] http://cwiki.apache.org/confluence/display/MAVEN/MojoFailureException
[ERROR] 
[ERROR] After correcting the problems, you can resume the build with the command
[ERROR]   mvn <goals> -rf :jboss-as-protocol
